Removed Pin From Net: NetName=GND Pin=P1-1
Removed Pin From Net: NetName=NetF1_1 Pin=P1-2
Removed Pin From Net: NetName=NetF1_2 Pin=P2-1
Removed Pin From Net: NetName=GND Pin=P2-2
Removed Pin From Net: NetName=NetF2_2 Pin=P3-1
Removed Pin From Net: NetName=GND Pin=P3-2
Removed Pin From Net: NetName=NetF3_2 Pin=P4-1
Removed Pin From Net: NetName=GND Pin=P4-2
Removed Pin From Net: NetName=NetF4_2 Pin=P5-1
Removed Pin From Net: NetName=GND Pin=P5-2
Removed Pin From Net: NetName=NetF5_2 Pin=P6-1
Removed Pin From Net: NetName=GND Pin=P6-2
Removed Pin From Net: NetName=NetF6_2 Pin=P7-1
Removed Pin From Net: NetName=GND Pin=P7-2
Added Component: Designator=J?(AMASS_XT60PW-F)
Add component (AddParameter): Name = "Availability"; Value = "Not in stock"; VariantName = "[No Variations]"
Add component (AddParameter): Name = "Check_prices"; Value = "https://www.snapeda.com/parts/XT60PW-F/AMASS/view-part/?ref=eda"; VariantName = "[No Variations]"
Add component (AddParameter): Name = "MF"; Value = "AMASS"; VariantName = "[No Variations]"
Add component (AddParameter): Name = "MP"; Value = "XT60PW-F"; VariantName = "[No Variations]"
Add component (AddParameter): Name = "Package"; Value = "Package"; VariantName = "[No Variations]"
Add component (AddParameter): Name = "Price"; Value = "None"; VariantName = "[No Variations]"
Add component (AddParameter): Name = "SnapEDA_Link"; Value = "https://www.snapeda.com/parts/XT60PW-F/AMASS/view-part/?ref=snap"; VariantName = "[No Variations]"
Add component (AddParameter): Name = "Value"; Value = ""; VariantName = "[No Variations]"
Added Component: Designator=J?(AMASS_XT30PW-F)
Add component (AddParameter): Name = "Availability"; Value = "Not in stock"; VariantName = "[No Variations]"
Add component (AddParameter): Name = "Check_prices"; Value = "https://www.snapeda.com/parts/XT30PW-F/AMASS/view-part/?ref=eda"; VariantName = "[No Variations]"
Add component (AddParameter): Name = "MF"; Value = "amass"; VariantName = "[No Variations]"
Add component (AddParameter): Name = "MP"; Value = "XT30PW-F"; VariantName = "[No Variations]"
Add component (AddParameter): Name = "Package"; Value = "None"; VariantName = "[No Variations]"
Add component (AddParameter): Name = "Price"; Value = "None"; VariantName = "[No Variations]"
Add component (AddParameter): Name = "SnapEDA_Link"; Value = "https://www.snapeda.com/parts/XT30PW-F/AMASS/view-part/?ref=snap"; VariantName = "[No Variations]"
Add component (AddParameter): Name = "Value"; Value = ""; VariantName = "[No Variations]"
Added Component: Designator=J?(AMASS_XT30PW-F)
Add component (AddParameter): Name = "Availability"; Value = "Not in stock"; VariantName = "[No Variations]"
Add component (AddParameter): Name = "Check_prices"; Value = "https://www.snapeda.com/parts/XT30PW-F/AMASS/view-part/?ref=eda"; VariantName = "[No Variations]"
Add component (AddParameter): Name = "MF"; Value = "amass"; VariantName = "[No Variations]"
Add component (AddParameter): Name = "MP"; Value = "XT30PW-F"; VariantName = "[No Variations]"
Add component (AddParameter): Name = "Package"; Value = "None"; VariantName = "[No Variations]"
Add component (AddParameter): Name = "Price"; Value = "None"; VariantName = "[No Variations]"
Add component (AddParameter): Name = "SnapEDA_Link"; Value = "https://www.snapeda.com/parts/XT30PW-F/AMASS/view-part/?ref=snap"; VariantName = "[No Variations]"
Add component (AddParameter): Name = "Value"; Value = ""; VariantName = "[No Variations]"
Added Component: Designator=J?(AMASS_XT30PW-F)
Add component (AddParameter): Name = "Availability"; Value = "Not in stock"; VariantName = "[No Variations]"
Add component (AddParameter): Name = "Check_prices"; Value = "https://www.snapeda.com/parts/XT30PW-F/AMASS/view-part/?ref=eda"; VariantName = "[No Variations]"
Add component (AddParameter): Name = "MF"; Value = "amass"; VariantName = "[No Variations]"
Add component (AddParameter): Name = "MP"; Value = "XT30PW-F"; VariantName = "[No Variations]"
Add component (AddParameter): Name = "Package"; Value = "None"; VariantName = "[No Variations]"
Add component (AddParameter): Name = "Price"; Value = "None"; VariantName = "[No Variations]"
Add component (AddParameter): Name = "SnapEDA_Link"; Value = "https://www.snapeda.com/parts/XT30PW-F/AMASS/view-part/?ref=snap"; VariantName = "[No Variations]"
Add component (AddParameter): Name = "Value"; Value = ""; VariantName = "[No Variations]"
Added Component: Designator=J?(AMASS_XT30PW-F)
Add component (AddParameter): Name = "Availability"; Value = "Not in stock"; VariantName = "[No Variations]"
Add component (AddParameter): Name = "Check_prices"; Value = "https://www.snapeda.com/parts/XT30PW-F/AMASS/view-part/?ref=eda"; VariantName = "[No Variations]"
Add component (AddParameter): Name = "MF"; Value = "amass"; VariantName = "[No Variations]"
Add component (AddParameter): Name = "MP"; Value = "XT30PW-F"; VariantName = "[No Variations]"
Add component (AddParameter): Name = "Package"; Value = "None"; VariantName = "[No Variations]"
Add component (AddParameter): Name = "Price"; Value = "None"; VariantName = "[No Variations]"
Add component (AddParameter): Name = "SnapEDA_Link"; Value = "https://www.snapeda.com/parts/XT30PW-F/AMASS/view-part/?ref=snap"; VariantName = "[No Variations]"
Add component (AddParameter): Name = "Value"; Value = ""; VariantName = "[No Variations]"
Added Component: Designator=J?(AMASS_XT30PW-F)
Add component (AddParameter): Name = "Availability"; Value = "Not in stock"; VariantName = "[No Variations]"
Add component (AddParameter): Name = "Check_prices"; Value = "https://www.snapeda.com/parts/XT30PW-F/AMASS/view-part/?ref=eda"; VariantName = "[No Variations]"
Add component (AddParameter): Name = "MF"; Value = "amass"; VariantName = "[No Variations]"
Add component (AddParameter): Name = "MP"; Value = "XT30PW-F"; VariantName = "[No Variations]"
Add component (AddParameter): Name = "Package"; Value = "None"; VariantName = "[No Variations]"
Add component (AddParameter): Name = "Price"; Value = "None"; VariantName = "[No Variations]"
Add component (AddParameter): Name = "SnapEDA_Link"; Value = "https://www.snapeda.com/parts/XT30PW-F/AMASS/view-part/?ref=snap"; VariantName = "[No Variations]"
Add component (AddParameter): Name = "Value"; Value = ""; VariantName = "[No Variations]"
Added Component: Designator=J?(AMASS_XT30PW-F)
Add component (AddParameter): Name = "Availability"; Value = "Not in stock"; VariantName = "[No Variations]"
Add component (AddParameter): Name = "Check_prices"; Value = "https://www.snapeda.com/parts/XT30PW-F/AMASS/view-part/?ref=eda"; VariantName = "[No Variations]"
Add component (AddParameter): Name = "MF"; Value = "amass"; VariantName = "[No Variations]"
Add component (AddParameter): Name = "MP"; Value = "XT30PW-F"; VariantName = "[No Variations]"
Add component (AddParameter): Name = "Package"; Value = "None"; VariantName = "[No Variations]"
Add component (AddParameter): Name = "Price"; Value = "None"; VariantName = "[No Variations]"
Add component (AddParameter): Name = "SnapEDA_Link"; Value = "https://www.snapeda.com/parts/XT30PW-F/AMASS/view-part/?ref=snap"; VariantName = "[No Variations]"
Add component (AddParameter): Name = "Value"; Value = ""; VariantName = "[No Variations]"
Added Pin To Net: NetName=NetF1_1 Pin=J?-1
Added Pin To Net: NetName=GND Pin=J?-2
Added Pin To Net: NetName=GND Pin=J?-N
Added Pin To Net: NetName=GND Pin=J?-N
Added Pin To Net: NetName=GND Pin=J?-N
Added Pin To Net: NetName=GND Pin=J?-N
Added Pin To Net: NetName=GND Pin=J?-N
Added Pin To Net: NetName=GND Pin=J?-N
Added Pin To Net: NetName=NetF1_2 Pin=J?-P
Added Pin To Net: NetName=NetF2_2 Pin=J?-P
Added Pin To Net: NetName=NetF3_2 Pin=J?-P
Added Pin To Net: NetName=NetF4_2 Pin=J?-P
Added Pin To Net: NetName=NetF5_2 Pin=J?-P
Added Pin To Net: NetName=NetF6_2 Pin=J?-P
Added Member To Class: ClassName=Fuse-Board Member=Component J? XT60PW-F
Added Member To Class: ClassName=Fuse-Board Member=Component J? XT30PW-F
Added Member To Class: ClassName=Fuse-Board Member=Component J? XT30PW-F
Added Member To Class: ClassName=Fuse-Board Member=Component J? XT30PW-F
Added Member To Class: ClassName=Fuse-Board Member=Component J? XT30PW-F
Added Member To Class: ClassName=Fuse-Board Member=Component J? XT30PW-F
Added Member To Class: ClassName=Fuse-Board Member=Component J? XT30PW-F
